> Task :gradle:checkKotlinGradlePluginConfigurationErrors SKIPPED
> Task :gradle:compileKotlin UP-TO-DATE
> Task :gradle:compileJava NO-SOURCE
> Task :gradle:compileGroovy NO-SOURCE
> Task :gradle:pluginDescriptors UP-TO-DATE
> Task :gradle:processResources UP-TO-DATE
> Task :gradle:classes UP-TO-DATE
> Task :gradle:jar UP-TO-DATE
> Task :app:DebugMinSdkCheck
> Task :app:preBuild UP-TO-DATE
> Task :app:preDebugBuild UP-TO-DATE
> Task :app:mergeDebugNativeDebugMetadata NO-SOURCE
> Task :app:checkKotlinGradlePluginConfigurationErrors SKIPPED
> Task :app:extractDebugPythonBuildPackages UP-TO-DATE

> Task :app:generateDebugPythonRequirements
Chaquopy: Installing for arm64-v8a
Looking in indexes: https://pypi.org/simple, https://chaquo.com/pypi-13.1
Collecting numpy
  Using cached https://chaquo.com/pypi-13.1/numpy/numpy-1.19.5-0-cp38-cp38-android_21_arm64_v8a.whl (3.8 MB)
Collecting pdfplumber==0.11.4
  Using cached pdfplumber-0.11.4-py3-none-any.whl (59 kB)
Collecting requests
  Using cached requests-2.32.4-py3-none-any.whl (64 kB)
Collecting chaquopy-libgfortran>=4.9
  Using cached https://chaquo.com/pypi-13.1/chaquopy-libgfortran/chaquopy_libgfortran-4.9-0-py3-none-android_21_arm64_v8a.whl (495 kB)
Collecting chaquopy-openblas>=0.2.20
  Using cached https://chaquo.com/pypi-13.1/chaquopy-openblas/chaquopy_openblas-0.2.20-5-py3-none-android_21_arm64_v8a.whl (4.3 MB)
Collecting pdfminer.six==20231228
  Using cached pdfminer.six-20231228-py3-none-any.whl (5.6 MB)
Collecting pypdfium2>=4.18.0
  Using cached pypdfium2-5.3.0-py3-none-android_23_arm64_v8a.whl (2.8 MB)
Collecting Pillow>=9.1
  Using cached https://chaquo.com/pypi-13.1/pillow/Pillow-9.2.0-0-cp38-cp38-android_21_arm64_v8a.whl (488 kB)
Collecting idna<4,>=2.5
  Using cached idna-3.11-py3-none-any.whl (71 kB)
Collecting certifi>=2017.4.17
  Using cached certifi-2026.1.4-py3-none-any.whl (152 kB)
Collecting charset_normalizer<4,>=2
  Using cached charset_normalizer-3.4.4-py3-none-any.whl (53 kB)
Collecting urllib3<3,>=1.21.1
  Using cached urllib3-2.2.3-py3-none-any.whl (126 kB)
Collecting cryptography>=36.0.0
  Using cached cryptography-46.0.4.tar.gz (749 kB)
  Installing build dependencies: started
  Installing build dependencies: finished with status 'done'
  Getting requirements to build wheel: started
  Getting requirements to build wheel: finished with status 'done'
  Installing backend dependencies: started
  Installing backend dependencies: finished with status 'done'
    Preparing wheel metadata: started
    Preparing wheel metadata: finished with status 'error'
    ERROR: Command errored out with exit status 1:
     command: /media/nikhil/427092fa-e2b4-41f9-aa94-fa27c0b84b171/wealthin_git_/wealthin_v2/frontend/wealthin_flutter/build/app/python/env/debug/bin/python /media/nikhil/427092fa-e2b4-41f9-aa94-fa27c0b84b171/wealthin_git_/wealthin_v2/frontend/wealthin_flutter/build/app/python/env/debug/lib/python3.12/site-packages/pip/_vendor/pep517/_in_process.py prepare_metadata_for_build_wheel /tmp/tmp6sqvv_l7
         cwd: /tmp/pip-install-jef12lon/cryptography
    Complete output (59 lines):
    Python reports SOABI: cpython-312-x86_64-linux-gnu
    Computed rustc target triple: x86_64-unknown-linux-gnu
    Installation directory: /home/nikhil/.cache/puccinialin
    Rustup already downloaded
    Installing rust to /home/nikhil/.cache/puccinialin/rustup
    warn: It looks like you have an existing rustup settings file at:
    warn: /home/nikhil/.rustup/settings.toml
    warn: Rustup will install the default toolchain as specified in the settings file,
    warn: instead of the one inferred from the default host triple.
    info: profile set to 'minimal'
    info: default host triple is x86_64-unknown-linux-gnu
    warn: Updating existing toolchain, profile choice will be ignored
    info: syncing channel updates for 'stable-x86_64-unknown-linux-gnu'
    info: default toolchain set to 'stable-x86_64-unknown-linux-gnu'
    Checking if cargo is installed
    cargo 1.93.0 (083ac5135 2025-12-15)
    Python reports SOABI: cpython-312-x86_64-linux-gnu
    Computed rustc target triple: x86_64-unknown-linux-gnu
    Installation directory: /home/nikhil/.cache/puccinialin
    Rustup already downloaded
    Installing rust to /home/nikhil/.cache/puccinialin/rustup
    warn: It looks like you have an existing rustup settings file at:
    warn: /home/nikhil/.rustup/settings.toml
    warn: Rustup will install the default toolchain as specified in the settings file,
    warn: instead of the one inferred from the default host triple.
    info: profile set to 'minimal'
    info: default host triple is x86_64-unknown-linux-gnu
    warn: Updating existing toolchain, profile choice will be ignored
    info: syncing channel updates for 'stable-x86_64-unknown-linux-gnu'
    info: default toolchain set to 'stable-x86_64-unknown-linux-gnu'
    Checking if cargo is installed
    cargo 1.93.0 (083ac5135 2025-12-15)
    Checking for Rust toolchain....
    Rust not found, installing into a temporary directory
    Running `maturin pep517 write-dist-info --metadata-directory /tmp/pip-modern-metadata-v0b0pp0t --interpreter /media/nikhil/427092fa-e2b4-41f9-aa94-fa27c0b84b171/wealthin_git_/wealthin_v2/frontend/wealthin_flutter/build/app/python/env/debug/bin/python`
    Rust not found, installing into a temporary directory
    Traceback (most recent call last):
      File "/media/nikhil/427092fa-e2b4-41f9-aa94-fa27c0b84b171/wealthin_git_/wealthin_v2/frontend/wealthin_flutter/build/app/python/env/debug/lib/python3.12/site-packages/pip/_vendor/pep517/_in_process.py", line 280, in <module>
        main()
      File "/media/nikhil/427092fa-e2b4-41f9-aa94-fa27c0b84b171/wealthin_git_/wealthin_v2/frontend/wealthin_flutter/build/app/python/env/debug/lib/python3.12/site-packages/pip/_vendor/pep517/_in_process.py", line 263, in main
        json_out['return_val'] = hook(**hook_input['kwargs'])
                                 ^^^^^^^^^^^^^^^^^^^^^^^^^^^^
      File "/media/nikhil/427092fa-e2b4-41f9-aa94-fa27c0b84b171/wealthin_git_/wealthin_v2/frontend/wealthin_flutter/build/app/python/env/debug/lib/python3.12/site-packages/pip/_vendor/pep517/_in_process.py", line 133, in prepare_metadata_for_build_wheel
        return hook(metadata_directory, config_settings)
               ^^^^^^^^^^^^^^^^^^^^^^^^^^^^^^^^^^^^^^^^^
      File "/tmp/pip-build-env-1tvjb0vw/overlay/lib/python3.12/site-packages/maturin/__init__.py", line 222, in prepare_metadata_for_build_wheel
        _output = subprocess.check_output(command, env=_get_env())
                  ^^^^^^^^^^^^^^^^^^^^^^^^^^^^^^^^^^^^^^^^^^^^^^^^
      File "/usr/lib/python3.12/subprocess.py", line 466, in check_output
        return run(*popenargs, stdout=PIPE, timeout=timeout, check=True,
               ^^^^^^^^^^^^^^^^^^^^^^^^^^^^^^^^^^^^^^^^^^^^^^^^^^^^^^^^^
      File "/usr/lib/python3.12/subprocess.py", line 548, in run
        with Popen(*popenargs, **kwargs) as process:
             ^^^^^^^^^^^^^^^^^^^^^^^^^^^
      File "/usr/lib/python3.12/subprocess.py", line 1026, in __init__
        self._execute_child(args, executable, preexec_fn, close_fds,
      File "/usr/lib/python3.12/subprocess.py", line 1955, in _execute_child
        raise child_exception_type(errno_num, err_msg, err_filename)
    FileNotFoundError: [Errno 2] No such file or directory: 'maturin'
    ----------------------------------------
ERROR: Failed to install cryptography>=36.0.0 from https://files.pythonhosted.org/packages/78/19/f748958276519adf6a0c1e79e7b8860b4830dda55ccdf29f2719b5fc499c/cryptography-46.0.4.tar.gz#sha256=bfd019f60f8abc2ed1b9be4ddc21cfef059c841d86d710bb69909a688cbb8f59 (from pdfminer.six==20231228->pdfplumber==0.11.4->-r src/main/python/requirements.txt (line 2)).
For assistance, please raise an issue at https://github.com/chaquo/chaquopy/issues.
Chaquopy: Exit status 1

> Task :app:generateDebugPythonRequirements FAILED

[Incubating] Problems report is available at: file:///media/nikhil/427092fa-e2b4-41f9-aa94-fa27c0b84b171/wealthin_git_/wealthin_v2/frontend/wealthin_flutter/build/reports/problems/problems-report.html

FAILURE: Build failed with an exception.

* What went wrong:
Execution failed for task ':app:generateDebugPythonRequirements'.
> Process 'command '/media/nikhil/427092fa-e2b4-41f9-aa94-fa27c0b84b171/wealthin_git_/wealthin_v2/frontend/wealthin_flutter/build/app/python/env/debug/bin/python'' finished with non-zero exit value 1 
  
  To view full details in Android Studio:
  * Click the 'Build: failed' caption to the left of this message.
  * Then scroll up to see the full output.

* Try:
> Run with --stacktrace option to get the stack trace.
> Run with --info or --debug option to get more log output.
> Run with --scan to get full insights.
> Get more help at https://help.gradle.org.

Deprecated Gradle features were used in this build, making it incompatible with Gradle 9.0.

You can use '--warning-mode all' to show the individual deprecation warnings and determine if they come from your own scripts or plugins.

For more on this, please refer to https://docs.gradle.org/8.14/userguide/command_line_interface.html#sec:command_line_warnings in the Gradle documentation.

BUILD FAILED in 18s
7 actionable tasks: 2 executed, 5 up-to-date
